<?xml version="1.0" encoding="UTF-8"?>
<robot generator="Robot 5.0.1 (Python 3.10.6 on win32)" generated="20220816 23:12:27.095" rpa="false" schemaversion="3">
<suite id="s1" name="Amazon Testes" source="C:\CursoRobot\RobotFramework\WebTest\amazon_testes.robot">
<test id="s1-t1" name="Caso de teste 01 - Acesso ao menu &quot;Atendimento ao Cliente&quot;" line="10">
<kw name="Abrir o navegador" library="amazon_resources" type="SETUP">
<kw name="Open Browser" library="SeleniumLibrary">
<arg>browser=chrome</arg>
<doc>Opens a new browser instance to the optional ``url``.</doc>
<msg timestamp="20220816 23:12:27.349" level="INFO">Opening browser 'chrome' to base url 'None'.</msg>
<status status="PASS" starttime="20220816 23:12:27.348" endtime="20220816 23:12:28.532"/>
</kw>
<kw name="Maximize Browser Window" library="SeleniumLibrary">
<doc>Maximizes current browser window.</doc>
<status status="PASS" starttime="20220816 23:12:28.532" endtime="20220816 23:12:28.654"/>
</kw>
<status status="PASS" starttime="20220816 23:12:27.348" endtime="20220816 23:12:28.654"/>
</kw>
<kw name="Acessar a home page do site Amazon.com.br" library="amazon_resources">
<kw name="Go To" library="SeleniumLibrary">
<arg>url=${URL}</arg>
<doc>Navigates the current browser window to the provided ``url``.</doc>
<msg timestamp="20220816 23:12:28.656" level="INFO">Opening url 'https://www.amazon.com.br/'</msg>
<status status="PASS" starttime="20220816 23:12:28.656" endtime="20220816 23:12:30.653"/>
</kw>
<kw name="Wait Until Element Is Visible" library="SeleniumLibrary">
<arg>locator=${MENU_ATENDIMENTO_AO_CLIENTE}</arg>
<doc>Waits until the element ``locator`` is visible.</doc>
<status status="PASS" starttime="20220816 23:12:30.653" endtime="20220816 23:12:30.725"/>
</kw>
<status status="PASS" starttime="20220816 23:12:28.656" endtime="20220816 23:12:30.725"/>
</kw>
<kw name="Acessar a opção &quot;Atendimento ao Cliente&quot;" library="amazon_resources">
<kw name="Click Element" library="SeleniumLibrary">
<arg>locator=${MENU_ATENDIMENTO_AO_CLIENTE}</arg>
<doc>Click the element identified by ``locator``.</doc>
<msg timestamp="20220816 23:12:30.728" level="INFO">Clicking element '//a[@href='/gp/help/customer/display.html?nodeId=508510&amp;ref_=nav_cs_help'][contains(.,'Atendimento ao Cliente')]'.</msg>
<status status="PASS" starttime="20220816 23:12:30.727" endtime="20220816 23:12:32.265"/>
</kw>
<status status="PASS" starttime="20220816 23:12:30.726" endtime="20220816 23:12:32.265"/>
</kw>
<kw name="Fechar o navegador" library="amazon_resources" type="TEARDOWN">
<kw name="Close Browser" library="SeleniumLibrary">
<doc>Closes the current browser.</doc>
<status status="PASS" starttime="20220816 23:12:32.267" endtime="20220816 23:12:34.445"/>
</kw>
<status status="PASS" starttime="20220816 23:12:32.266" endtime="20220816 23:12:34.445"/>
</kw>
<doc>Esse teste verifica o menu Atendimento ao Cliente da Amazon.com
e verifica a categoria "Amazon e COVID-19"</doc>
<tag>categorias</tag>
<tag>menus</tag>
<status status="PASS" starttime="20220816 23:12:27.347" endtime="20220816 23:12:34.445"/>
</test>
<test id="s1-t2" name="Caso de teste 02 - Verifica a pagina &quot;Atendimento ao Cliente&quot;" line="17">
<kw name="Abrir o navegador" library="amazon_resources" type="SETUP">
<kw name="Open Browser" library="SeleniumLibrary">
<arg>browser=chrome</arg>
<doc>Opens a new browser instance to the optional ``url``.</doc>
<msg timestamp="20220816 23:12:34.454" level="INFO">Opening browser 'chrome' to base url 'None'.</msg>
<status status="PASS" starttime="20220816 23:12:34.453" endtime="20220816 23:12:35.669"/>
</kw>
<kw name="Maximize Browser Window" library="SeleniumLibrary">
<doc>Maximizes current browser window.</doc>
<status status="PASS" starttime="20220816 23:12:35.669" endtime="20220816 23:12:35.794"/>
</kw>
<status status="PASS" starttime="20220816 23:12:34.452" endtime="20220816 23:12:35.794"/>
</kw>
<kw name="Acessar a home page do site Amazon.com.br" library="amazon_resources">
<kw name="Go To" library="SeleniumLibrary">
<arg>url=${URL}</arg>
<doc>Navigates the current browser window to the provided ``url``.</doc>
<msg timestamp="20220816 23:12:35.798" level="INFO">Opening url 'https://www.amazon.com.br/'</msg>
<status status="PASS" starttime="20220816 23:12:35.794" endtime="20220816 23:12:37.769"/>
</kw>
<kw name="Wait Until Element Is Visible" library="SeleniumLibrary">
<arg>locator=${MENU_ATENDIMENTO_AO_CLIENTE}</arg>
<doc>Waits until the element ``locator`` is visible.</doc>
<status status="PASS" starttime="20220816 23:12:37.770" endtime="20220816 23:12:37.811"/>
</kw>
<status status="PASS" starttime="20220816 23:12:35.794" endtime="20220816 23:12:37.812"/>
</kw>
<kw name="Acessar a opção &quot;Atendimento ao Cliente&quot;" library="amazon_resources">
<kw name="Click Element" library="SeleniumLibrary">
<arg>locator=${MENU_ATENDIMENTO_AO_CLIENTE}</arg>
<doc>Click the element identified by ``locator``.</doc>
<msg timestamp="20220816 23:12:37.814" level="INFO">Clicking element '//a[@href='/gp/help/customer/display.html?nodeId=508510&amp;ref_=nav_cs_help'][contains(.,'Atendimento ao Cliente')]'.</msg>
<status status="PASS" starttime="20220816 23:12:37.813" endtime="20220816 23:12:39.399"/>
</kw>
<status status="PASS" starttime="20220816 23:12:37.813" endtime="20220816 23:12:39.400"/>
</kw>
<kw name="Verificar se aparece a frase &quot;Olá. Como podemos ajudar você?&quot;" library="amazon_resources">
<kw name="Element Should Be Visible" library="SeleniumLibrary">
<arg>locator=${MENSAGEM_BOAS_VINDAS}</arg>
<doc>Verifies that the element identified by ``locator`` is visible.</doc>
<msg timestamp="20220816 23:12:39.427" level="INFO">Element '//div[@class='a-section a-spacing-extra-large a-spacing-top-extra-large ss-landing-container'][contains(.,'Olá. Como podemos ajudar você?')]' is displayed.</msg>
<status status="PASS" starttime="20220816 23:12:39.401" endtime="20220816 23:12:39.427"/>
</kw>
<status status="PASS" starttime="20220816 23:12:39.400" endtime="20220816 23:12:39.427"/>
</kw>
<kw name="Verificar se o título da página fica &quot;Ajuda - Serviço de atendimento ao cliente da Amazon&quot;" library="amazon_resources">
<kw name="Title Should Be" library="SeleniumLibrary">
<arg>title=${TITULO}</arg>
<doc>Verifies that the current page title equals ``title``.</doc>
<msg timestamp="20220816 23:12:39.433" level="INFO">Page title is 'Ajuda - Serviço de atendimento ao cliente da Amazon'.</msg>
<status status="PASS" starttime="20220816 23:12:39.428" endtime="20220816 23:12:39.433"/>
</kw>
<status status="PASS" starttime="20220816 23:12:39.428" endtime="20220816 23:12:39.433"/>
</kw>
<kw name="Verificar se aparece a opção &quot;Amazon e COVID-19&quot;" library="amazon_resources">
<kw name="Element Should Be Visible" library="SeleniumLibrary">
<arg>locator=${MSG_COVID}</arg>
<doc>Verifies that the element identified by ``locator`` is visible.</doc>
<msg timestamp="20220816 23:12:39.455" level="INFO">Element '//span[@class='a-list-item a-color-secondary'][contains(.,'Impactos em pedidos e entregas')]' is displayed.</msg>
<status status="PASS" starttime="20220816 23:12:39.434" endtime="20220816 23:12:39.455"/>
</kw>
<kw name="Click Element" library="SeleniumLibrary">
<arg>locator=${BOTAO_COVID}</arg>
<doc>Click the element identified by ``locator``.</doc>
<msg timestamp="20220816 23:12:39.455" level="INFO">Clicking element '//a[@href='/gp/help/customer/display.html?ref_=cs_hlp_gtwy_ss_covid&amp;nodeId=GDFU3JS5AL6SYHRD']'.</msg>
<status status="PASS" starttime="20220816 23:12:39.455" endtime="20220816 23:12:40.224"/>
</kw>
<status status="PASS" starttime="20220816 23:12:39.434" endtime="20220816 23:12:40.224"/>
</kw>
<kw name="Fechar o navegador" library="amazon_resources" type="TEARDOWN">
<kw name="Close Browser" library="SeleniumLibrary">
<doc>Closes the current browser.</doc>
<status status="PASS" starttime="20220816 23:12:40.227" endtime="20220816 23:12:42.402"/>
</kw>
<status status="PASS" starttime="20220816 23:12:40.226" endtime="20220816 23:12:42.402"/>
</kw>
<doc>Esse teste verifica o retorno da pagina de Atendimento ao Cliente
e as opções ao cliente</doc>
<tag>atendimento</tag>
<status status="PASS" starttime="20220816 23:12:34.450" endtime="20220816 23:12:42.402"/>
</test>
<test id="s1-t3" name="Caso de teste 03 - Pesquisa &quot;Prazos de entrega&quot;" line="28">
<kw name="Abrir o navegador" library="amazon_resources" type="SETUP">
<kw name="Open Browser" library="SeleniumLibrary">
<arg>browser=chrome</arg>
<doc>Opens a new browser instance to the optional ``url``.</doc>
<msg timestamp="20220816 23:12:42.407" level="INFO">Opening browser 'chrome' to base url 'None'.</msg>
<status status="PASS" starttime="20220816 23:12:42.407" endtime="20220816 23:12:43.630"/>
</kw>
<kw name="Maximize Browser Window" library="SeleniumLibrary">
<doc>Maximizes current browser window.</doc>
<status status="PASS" starttime="20220816 23:12:43.630" endtime="20220816 23:12:43.754"/>
</kw>
<status status="PASS" starttime="20220816 23:12:42.406" endtime="20220816 23:12:43.754"/>
</kw>
<kw name="Acessar a home page do site Amazon.com.br" library="amazon_resources">
<kw name="Go To" library="SeleniumLibrary">
<arg>url=${URL}</arg>
<doc>Navigates the current browser window to the provided ``url``.</doc>
<msg timestamp="20220816 23:12:43.758" level="INFO">Opening url 'https://www.amazon.com.br/'</msg>
<status status="PASS" starttime="20220816 23:12:43.754" endtime="20220816 23:12:45.517"/>
</kw>
<kw name="Wait Until Element Is Visible" library="SeleniumLibrary">
<arg>locator=${MENU_ATENDIMENTO_AO_CLIENTE}</arg>
<doc>Waits until the element ``locator`` is visible.</doc>
<status status="PASS" starttime="20220816 23:12:45.517" endtime="20220816 23:12:45.546"/>
</kw>
<status status="PASS" starttime="20220816 23:12:43.754" endtime="20220816 23:12:45.546"/>
</kw>
<kw name="Acessar a opção &quot;Atendimento ao Cliente&quot;" library="amazon_resources">
<kw name="Click Element" library="SeleniumLibrary">
<arg>locator=${MENU_ATENDIMENTO_AO_CLIENTE}</arg>
<doc>Click the element identified by ``locator``.</doc>
<msg timestamp="20220816 23:12:45.549" level="INFO">Clicking element '//a[@href='/gp/help/customer/display.html?nodeId=508510&amp;ref_=nav_cs_help'][contains(.,'Atendimento ao Cliente')]'.</msg>
<status status="PASS" starttime="20220816 23:12:45.548" endtime="20220816 23:12:47.063"/>
</kw>
<status status="PASS" starttime="20220816 23:12:45.547" endtime="20220816 23:12:47.063"/>
</kw>
<kw name="Verificar se aparece a frase &quot;Olá. Como podemos ajudar você?&quot;" library="amazon_resources">
<kw name="Element Should Be Visible" library="SeleniumLibrary">
<arg>locator=${MENSAGEM_BOAS_VINDAS}</arg>
<doc>Verifies that the element identified by ``locator`` is visible.</doc>
<msg timestamp="20220816 23:12:47.091" level="INFO">Element '//div[@class='a-section a-spacing-extra-large a-spacing-top-extra-large ss-landing-container'][contains(.,'Olá. Como podemos ajudar você?')]' is displayed.</msg>
<status status="PASS" starttime="20220816 23:12:47.064" endtime="20220816 23:12:47.091"/>
</kw>
<status status="PASS" starttime="20220816 23:12:47.064" endtime="20220816 23:12:47.092"/>
</kw>
<kw name="Verificar se o título da página fica &quot;Ajuda - Serviço de atendimento ao cliente da Amazon&quot;" library="amazon_resources">
<kw name="Title Should Be" library="SeleniumLibrary">
<arg>title=${TITULO}</arg>
<doc>Verifies that the current page title equals ``title``.</doc>
<msg timestamp="20220816 23:12:47.097" level="INFO">Page title is 'Ajuda - Serviço de atendimento ao cliente da Amazon'.</msg>
<status status="PASS" starttime="20220816 23:12:47.092" endtime="20220816 23:12:47.097"/>
</kw>
<status status="PASS" starttime="20220816 23:12:47.092" endtime="20220816 23:12:47.097"/>
</kw>
<kw name="Verificar se aparece a opção &quot;Amazon e COVID-19&quot;" library="amazon_resources">
<kw name="Element Should Be Visible" library="SeleniumLibrary">
<arg>locator=${MSG_COVID}</arg>
<doc>Verifies that the element identified by ``locator`` is visible.</doc>
<msg timestamp="20220816 23:12:47.119" level="INFO">Element '//span[@class='a-list-item a-color-secondary'][contains(.,'Impactos em pedidos e entregas')]' is displayed.</msg>
<status status="PASS" starttime="20220816 23:12:47.098" endtime="20220816 23:12:47.119"/>
</kw>
<kw name="Click Element" library="SeleniumLibrary">
<arg>locator=${BOTAO_COVID}</arg>
<doc>Click the element identified by ``locator``.</doc>
<msg timestamp="20220816 23:12:47.120" level="INFO">Clicking element '//a[@href='/gp/help/customer/display.html?ref_=cs_hlp_gtwy_ss_covid&amp;nodeId=GDFU3JS5AL6SYHRD']'.</msg>
<status status="PASS" starttime="20220816 23:12:47.120" endtime="20220816 23:12:47.911"/>
</kw>
<status status="PASS" starttime="20220816 23:12:47.097" endtime="20220816 23:12:47.911"/>
</kw>
<kw name="Pesquisar item na busca com o texto &quot;Prazos de entrega&quot;" library="amazon_resources" sourcename="Pesquisar item na busca com o texto &quot;${FRASE}&quot;">
<kw name="Click Element" library="SeleniumLibrary">
<arg>locator=${BUSCA_ATENDIEMNTO}</arg>
<doc>Click the element identified by ``locator``.</doc>
<msg timestamp="20220816 23:12:47.913" level="INFO">Clicking element '//input[contains(@type,'search')]'.</msg>
<status status="PASS" starttime="20220816 23:12:47.912" endtime="20220816 23:12:47.973"/>
</kw>
<kw name="Input Text" library="SeleniumLibrary">
<arg>locator=${BUSCA_ATENDIEMNTO}</arg>
<arg>text=${FRASE}</arg>
<doc>Types the given ``text`` into the text field identified by ``locator``.</doc>
<msg timestamp="20220816 23:12:47.974" level="INFO">Typing text 'Prazos de entrega' into text field '//input[contains(@type,'search')]'.</msg>
<status status="PASS" starttime="20220816 23:12:47.973" endtime="20220816 23:12:48.076"/>
</kw>
<kw name="Sleep" library="BuiltIn">
<arg>2s</arg>
<doc>Pauses the test executed for the given time.</doc>
<msg timestamp="20220816 23:12:50.079" level="INFO">Slept 2 seconds</msg>
<status status="PASS" starttime="20220816 23:12:48.077" endtime="20220816 23:12:50.079"/>
</kw>
<kw name="Press Keys" library="SeleniumLibrary">
<arg>None</arg>
<arg>ENTER</arg>
<doc>Simulates the user pressing key(s) to an element or on the active browser.</doc>
<msg timestamp="20220816 23:12:50.080" level="INFO">Sending key(s) ('ENTER',) to page.</msg>
<msg timestamp="20220816 23:12:50.080" level="INFO">Pressing special key ENTER to browser.</msg>
<msg timestamp="20220816 23:12:50.080" level="INFO">Releasing special key ENTER.</msg>
<status status="PASS" starttime="20220816 23:12:50.079" endtime="20220816 23:12:50.724"/>
</kw>
<kw name="Sleep" library="BuiltIn">
<arg>2s</arg>
<doc>Pauses the test executed for the given time.</doc>
<msg timestamp="20220816 23:12:52.728" level="INFO">Slept 2 seconds</msg>
<status status="PASS" starttime="20220816 23:12:50.724" endtime="20220816 23:12:52.728"/>
</kw>
<status status="PASS" starttime="20220816 23:12:47.912" endtime="20220816 23:12:52.728"/>
</kw>
<kw name="Fechar o navegador" library="amazon_resources" type="TEARDOWN">
<kw name="Close Browser" library="SeleniumLibrary">
<doc>Closes the current browser.</doc>
<status status="PASS" starttime="20220816 23:12:52.728" endtime="20220816 23:12:54.934"/>
</kw>
<status status="PASS" starttime="20220816 23:12:52.728" endtime="20220816 23:12:54.934"/>
</kw>
<doc>Esse teste pesquisa o menu prazos de entrega</doc>
<tag>list_busca</tag>
<tag>pesquisa prazos</tag>
<status status="PASS" starttime="20220816 23:12:42.405" endtime="20220816 23:12:54.934"/>
</test>
<doc>Essa suite testa o site da Amazon.com.br</doc>
<status status="PASS" starttime="20220816 23:12:27.095" endtime="20220816 23:12:54.934"/>
</suite>
<statistics>
<total>
<stat pass="3" fail="0" skip="0">All Tests</stat>
</total>
<tag>
<stat pass="1" fail="0" skip="0">atendimento</stat>
<stat pass="1" fail="0" skip="0">categorias</stat>
<stat pass="1" fail="0" skip="0">list_busca</stat>
<stat pass="1" fail="0" skip="0">menus</stat>
<stat pass="1" fail="0" skip="0">pesquisa prazos</stat>
</tag>
<suite>
<stat pass="3" fail="0" skip="0" id="s1" name="Amazon Testes">Amazon Testes</stat>
</suite>
</statistics>
<errors>
</errors>
</robot>
