<?xml version="1.0" encoding="UTF-8"?>
<robot generator="Robot 5.0.1 (Python 3.10.6 on win32)" generated="20220817 23:11:34.850" rpa="false" schemaversion="3">
<suite id="s1" name="Dicionario Testes" source="C:\CursoRobot\RobotFramework\WebTest\dicionario_testes.robot">
<test id="s1-t1" name="Caso de teste mostrar log" line="6">
<kw name="Exibir dicionario de log">
<kw name="Log To Console" library="BuiltIn">
<arg>No mes 01 tem ${MESES_ANO.Janeiro} dias</arg>
<doc>Logs the given message to the console.</doc>
<status status="PASS" starttime="20220817 23:11:34.881" endtime="20220817 23:11:34.882"/>
</kw>
<kw name="Log To Console" library="BuiltIn">
<arg>No mes 02 tem ${MESES_ANO.Fevereiro} dias</arg>
<doc>Logs the given message to the console.</doc>
<status status="PASS" starttime="20220817 23:11:34.882" endtime="20220817 23:11:34.883"/>
</kw>
<kw name="Log To Console" library="BuiltIn">
<arg>No mes 03 tem ${MESES_ANO.Março} dias</arg>
<doc>Logs the given message to the console.</doc>
<status status="PASS" starttime="20220817 23:11:34.883" endtime="20220817 23:11:34.884"/>
</kw>
<kw name="Log To Console" library="BuiltIn">
<arg>No mes 04 tem ${MESES_ANO.Abril} dias</arg>
<doc>Logs the given message to the console.</doc>
<status status="PASS" starttime="20220817 23:11:34.884" endtime="20220817 23:11:34.885"/>
</kw>
<kw name="Log To Console" library="BuiltIn">
<arg>No mes 05 tem ${MESES_ANO.Maio} dias</arg>
<doc>Logs the given message to the console.</doc>
<status status="PASS" starttime="20220817 23:11:34.885" endtime="20220817 23:11:34.886"/>
</kw>
<kw name="Log To Console" library="BuiltIn">
<arg>No mes 06 tem ${MESES_ANO.Junho} dias</arg>
<doc>Logs the given message to the console.</doc>
<status status="PASS" starttime="20220817 23:11:34.886" endtime="20220817 23:11:34.886"/>
</kw>
<kw name="Log To Console" library="BuiltIn">
<arg>No mes 07 tem ${MESES_ANO.Julho} dias</arg>
<doc>Logs the given message to the console.</doc>
<status status="PASS" starttime="20220817 23:11:34.887" endtime="20220817 23:11:34.887"/>
</kw>
<kw name="Log To Console" library="BuiltIn">
<arg>No mes 08 tem ${MESES_ANO.Agosto} dias</arg>
<doc>Logs the given message to the console.</doc>
<status status="PASS" starttime="20220817 23:11:34.887" endtime="20220817 23:11:34.888"/>
</kw>
<kw name="Log To Console" library="BuiltIn">
<arg>No mes 09 tem ${MESES_ANO.Setembro} dias</arg>
<doc>Logs the given message to the console.</doc>
<status status="PASS" starttime="20220817 23:11:34.888" endtime="20220817 23:11:34.888"/>
</kw>
<kw name="Log To Console" library="BuiltIn">
<arg>No mes 10 tem ${MESES_ANO.Outubro} dias</arg>
<doc>Logs the given message to the console.</doc>
<status status="PASS" starttime="20220817 23:11:34.888" endtime="20220817 23:11:34.890"/>
</kw>
<kw name="Log To Console" library="BuiltIn">
<arg>No mes 11 tem ${MESES_ANO.Novembro} dias</arg>
<doc>Logs the given message to the console.</doc>
<status status="PASS" starttime="20220817 23:11:34.890" endtime="20220817 23:11:34.891"/>
</kw>
<kw name="Log To Console" library="BuiltIn">
<arg>No mes 12 tem ${MESES_ANO.Dezembro} dias</arg>
<doc>Logs the given message to the console.</doc>
<status status="PASS" starttime="20220817 23:11:34.891" endtime="20220817 23:11:34.893"/>
</kw>
<status status="PASS" starttime="20220817 23:11:34.881" endtime="20220817 23:11:34.893"/>
</kw>
<status status="PASS" starttime="20220817 23:11:34.880" endtime="20220817 23:11:34.894"/>
</test>
<status status="PASS" starttime="20220817 23:11:34.850" endtime="20220817 23:11:34.895"/>
</suite>
<statistics>
<total>
<stat pass="1" fail="0" skip="0">All Tests</stat>
</total>
<tag>
</tag>
<suite>
<stat pass="1" fail="0" skip="0" id="s1" name="Dicionario Testes">Dicionario Testes</stat>
</suite>
</statistics>
<errors>
</errors>
</robot>
